2025-09-30T16:22:35.894+02:00  INFO 7716 --- [Shop] [main] ait.shop.Shop51Application               : Starting Shop51Application using Java 17.0.16 with PID 7716 (C:\Users\PQ\IdeaProjects\shop_51\target\classes started by PQ in C:\Users\PQ\IdeaProjects\shop_51)
2025-09-30T16:22:35.918+02:00  INFO 7716 --- [Shop] [main] ait.shop.Shop51Application               : No active profile set, falling back to 1 default profile: "default"
2025-09-30T16:22:38.223+02:00  INFO 7716 --- [Shop] [main] .s.d.r.c.RepositoryConfigurationDelegate : Bootstrapping Spring Data JPA repositories in DEFAULT mode.
2025-09-30T16:22:38.380+02:00  INFO 7716 --- [Shop] [main] .s.d.r.c.RepositoryConfigurationDelegate : Finished Spring Data repository scanning in 134 ms. Found 4 JPA repository interfaces.
2025-09-30T16:22:40.849+02:00  INFO 7716 --- [Shop] [main] o.s.b.w.embedded.tomcat.TomcatWebServer  : Tomcat initialized with port 8080 (http)
2025-09-30T16:22:40.887+02:00  INFO 7716 --- [Shop] [main] o.apache.catalina.core.StandardService   : Starting service [Tomcat]
2025-09-30T16:22:40.888+02:00  INFO 7716 --- [Shop] [main] o.apache.catalina.core.StandardEngine    : Starting Servlet engine: [Apache Tomcat/10.1.44]
2025-09-30T16:22:41.061+02:00  INFO 7716 --- [Shop] [main] o.a.c.c.C.[Tomcat].[localhost].[/api]    : Initializing Spring embedded WebApplicationContext
2025-09-30T16:22:41.062+02:00  INFO 7716 --- [Shop] [main] w.s.c.ServletWebServerApplicationContext : Root WebApplicationContext: initialization completed in 5012 ms
2025-09-30T16:22:42.929+02:00  INFO 7716 --- [Shop] [main] com.zaxxer.hikari.HikariDataSource       : HikariPool-1 - Starting...
2025-09-30T16:22:43.785+02:00  INFO 7716 --- [Shop] [main] com.zaxxer.hikari.pool.HikariPool        : HikariPool-1 - Added connection org.postgresql.jdbc.PgConnection@7e050be1
2025-09-30T16:22:43.790+02:00  INFO 7716 --- [Shop] [main] com.zaxxer.hikari.HikariDataSource       : HikariPool-1 - Start completed.
2025-09-30T16:22:44.443+02:00  INFO 7716 --- [Shop] [main] liquibase.database                       : Set default schema name to public
2025-09-30T16:22:46.056+02:00  INFO 7716 --- [Shop] [main] liquibase.changelog                      : Reading from public.databasechangelog
2025-09-30T16:22:46.637+02:00  INFO 7716 --- [Shop] [main] liquibase.ui                             : Database is up to date, no changesets to execute
2025-09-30T16:22:46.644+02:00  INFO 7716 --- [Shop] [main] liquibase.changelog                      : Reading from public.databasechangelog
2025-09-30T16:22:46.677+02:00  INFO 7716 --- [Shop] [main] liquibase.util                           : UPDATE SUMMARY
2025-09-30T16:22:46.677+02:00  INFO 7716 --- [Shop] [main] liquibase.util                           : Run:                          0
2025-09-30T16:22:46.677+02:00  INFO 7716 --- [Shop] [main] liquibase.util                           : Previously run:              13
2025-09-30T16:22:46.678+02:00  INFO 7716 --- [Shop] [main] liquibase.util                           : Filtered out:                 0
2025-09-30T16:22:46.679+02:00  INFO 7716 --- [Shop] [main] liquibase.util                           : -------------------------------
2025-09-30T16:22:46.679+02:00  INFO 7716 --- [Shop] [main] liquibase.util                           : Total change sets:           13
2025-09-30T16:22:46.681+02:00  INFO 7716 --- [Shop] [main] liquibase.util                           : Update summary generated
2025-09-30T16:22:46.685+02:00  INFO 7716 --- [Shop] [main] liquibase.command                        : Command execution complete
2025-09-30T16:22:48.199+02:00  INFO 7716 --- [Shop] [main] o.hibernate.jpa.internal.util.LogHelper  : HHH000204: Processing PersistenceUnitInfo [name: default]
2025-09-30T16:22:48.334+02:00  INFO 7716 --- [Shop] [main] org.hibernate.Version                    : HHH000412: Hibernate ORM core version 6.6.26.Final
2025-09-30T16:22:48.414+02:00  INFO 7716 --- [Shop] [main] o.h.c.internal.RegionFactoryInitiator    : HHH000026: Second-level cache disabled
2025-09-30T16:22:49.113+02:00  INFO 7716 --- [Shop] [main] o.s.o.j.p.SpringPersistenceUnitInfo      : No LoadTimeWeaver setup: ignoring JPA class transformer
2025-09-30T16:22:49.378+02:00  INFO 7716 --- [Shop] [main] org.hibernate.orm.connections.pooling    : HHH10001005: Database info:
	Database JDBC URL [Connecting through datasource 'HikariDataSource (HikariPool-1)']
	Database driver: undefined/unknown
	Database version: 17.6
	Autocommit mode: undefined/unknown
	Isolation level: undefined/unknown
	Minimum pool size: undefined/unknown
	Maximum pool size: undefined/unknown
2025-09-30T16:22:51.741+02:00  INFO 7716 --- [Shop] [main] o.h.e.t.j.p.i.JtaPlatformInitiator       : HHH000489: No JTA platform available (set 'hibernate.transaction.jta.platform' to enable JTA platform integration)
2025-09-30T16:22:51.756+02:00  INFO 7716 --- [Shop] [main] j.LocalContainerEntityManagerFactoryBean : Initialized JPA EntityManagerFactory for persistence unit 'default'
2025-09-30T16:22:53.929+02:00  WARN 7716 --- [Shop] [main] JpaBaseConfiguration$JpaWebConfiguration : spring.jpa.open-in-view is enabled by default. Therefore, database queries may be performed during view rendering. Explicitly configure spring.jpa.open-in-view to disable this warning
2025-09-30T16:22:54.947+02:00  INFO 7716 --- [Shop] [main] r$InitializeUserDetailsManagerConfigurer : Global AuthenticationManager configured with UserDetailsService bean with name userDetailServiceImpl
2025-09-30T16:22:57.011+02:00  INFO 7716 --- [Shop] [main] o.s.b.w.embedded.tomcat.TomcatWebServer  : Tomcat started on port 8080 (http) with context path '/api'
2025-09-30T16:22:57.034+02:00  INFO 7716 --- [Shop] [main] ait.shop.Shop51Application               : Started Shop51Application in 22.681 seconds (process running for 26.204)
2025-09-30T16:24:02.054+02:00  INFO 7716 --- [Shop] [SpringApplicationShutdownHook] o.s.b.w.e.tomcat.GracefulShutdown        : Commencing graceful shutdown. Waiting for active requests to complete
2025-09-30T16:24:02.539+02:00  INFO 7716 --- [Shop] [tomcat-shutdown] o.s.b.w.e.tomcat.GracefulShutdown        : Graceful shutdown complete
2025-09-30T16:24:02.554+02:00  INFO 7716 --- [Shop] [SpringApplicationShutdownHook] j.LocalContainerEntityManagerFactoryBean : Closing JPA EntityManagerFactory for persistence unit 'default'
2025-09-30T16:24:02.560+02:00  INFO 7716 --- [Shop] [SpringApplicationShutdownHook] com.zaxxer.hikari.HikariDataSource       : HikariPool-1 - Shutdown initiated...
2025-09-30T16:24:02.581+02:00  INFO 7716 --- [Shop] [SpringApplicationShutdownHook] com.zaxxer.hikari.HikariDataSource       : HikariPool-1 - Shutdown completed.
2025-09-30T16:24:26.939+02:00  INFO 17456 --- [Shop] [main] ait.shop.Shop51Application               : Starting Shop51Application using Java 17.0.16 with PID 17456 (C:\Users\PQ\IdeaProjects\shop_51\target\classes started by PQ in C:\Users\PQ\IdeaProjects\shop_51)
2025-09-30T16:24:26.946+02:00  INFO 17456 --- [Shop] [main] ait.shop.Shop51Application               : No active profile set, falling back to 1 default profile: "default"
2025-09-30T16:24:29.803+02:00  INFO 17456 --- [Shop] [main] .s.d.r.c.RepositoryConfigurationDelegate : Bootstrapping Spring Data JPA repositories in DEFAULT mode.
2025-09-30T16:24:29.999+02:00  INFO 17456 --- [Shop] [main] .s.d.r.c.RepositoryConfigurationDelegate : Finished Spring Data repository scanning in 172 ms. Found 4 JPA repository interfaces.
2025-09-30T16:24:32.572+02:00  INFO 17456 --- [Shop] [main] o.s.b.w.embedded.tomcat.TomcatWebServer  : Tomcat initialized with port 8080 (http)
2025-09-30T16:24:32.603+02:00  INFO 17456 --- [Shop] [main] o.apache.catalina.core.StandardService   : Starting service [Tomcat]
2025-09-30T16:24:32.603+02:00  INFO 17456 --- [Shop] [main] o.apache.catalina.core.StandardEngine    : Starting Servlet engine: [Apache Tomcat/10.1.44]
2025-09-30T16:24:32.802+02:00  INFO 17456 --- [Shop] [main] o.a.c.c.C.[Tomcat].[localhost].[/api]    : Initializing Spring embedded WebApplicationContext
2025-09-30T16:24:32.809+02:00  INFO 17456 --- [Shop] [main] w.s.c.ServletWebServerApplicationContext : Root WebApplicationContext: initialization completed in 5697 ms
2025-09-30T16:24:33.360+02:00  INFO 17456 --- [Shop] [main] com.zaxxer.hikari.HikariDataSource       : HikariPool-1 - Starting...
2025-09-30T16:24:33.664+02:00  INFO 17456 --- [Shop] [main] com.zaxxer.hikari.pool.HikariPool        : HikariPool-1 - Added connection org.postgresql.jdbc.PgConnection@1657b017
2025-09-30T16:24:33.668+02:00  INFO 17456 --- [Shop] [main] com.zaxxer.hikari.HikariDataSource       : HikariPool-1 - Start completed.
2025-09-30T16:24:34.049+02:00  INFO 17456 --- [Shop] [main] liquibase.database                       : Set default schema name to public
2025-09-30T16:24:35.162+02:00  INFO 17456 --- [Shop] [main] liquibase.changelog                      : Reading from public.databasechangelog
2025-09-30T16:24:35.613+02:00  INFO 17456 --- [Shop] [main] liquibase.ui                             : Database is up to date, no changesets to execute
2025-09-30T16:24:35.619+02:00  INFO 17456 --- [Shop] [main] liquibase.changelog                      : Reading from public.databasechangelog
2025-09-30T16:24:35.655+02:00  INFO 17456 --- [Shop] [main] liquibase.util                           : UPDATE SUMMARY
2025-09-30T16:24:35.656+02:00  INFO 17456 --- [Shop] [main] liquibase.util                           : Run:                          0
2025-09-30T16:24:35.657+02:00  INFO 17456 --- [Shop] [main] liquibase.util                           : Previously run:              13
2025-09-30T16:24:35.658+02:00  INFO 17456 --- [Shop] [main] liquibase.util                           : Filtered out:                 0
2025-09-30T16:24:35.659+02:00  INFO 17456 --- [Shop] [main] liquibase.util                           : -------------------------------
2025-09-30T16:24:35.660+02:00  INFO 17456 --- [Shop] [main] liquibase.util                           : Total change sets:           13
2025-09-30T16:24:35.663+02:00  INFO 17456 --- [Shop] [main] liquibase.util                           : Update summary generated
2025-09-30T16:24:35.666+02:00  INFO 17456 --- [Shop] [main] liquibase.command                        : Command execution complete
2025-09-30T16:24:37.011+02:00  INFO 17456 --- [Shop] [main] o.hibernate.jpa.internal.util.LogHelper  : HHH000204: Processing PersistenceUnitInfo [name: default]
2025-09-30T16:24:37.122+02:00  INFO 17456 --- [Shop] [main] org.hibernate.Version                    : HHH000412: Hibernate ORM core version 6.6.26.Final
2025-09-30T16:24:37.194+02:00  INFO 17456 --- [Shop] [main] o.h.c.internal.RegionFactoryInitiator    : HHH000026: Second-level cache disabled
2025-09-30T16:24:37.813+02:00  INFO 17456 --- [Shop] [main] o.s.o.j.p.SpringPersistenceUnitInfo      : No LoadTimeWeaver setup: ignoring JPA class transformer
2025-09-30T16:24:38.015+02:00  INFO 17456 --- [Shop] [main] org.hibernate.orm.connections.pooling    : HHH10001005: Database info:
	Database JDBC URL [Connecting through datasource 'HikariDataSource (HikariPool-1)']
	Database driver: undefined/unknown
	Database version: 17.6
	Autocommit mode: undefined/unknown
	Isolation level: undefined/unknown
	Minimum pool size: undefined/unknown
	Maximum pool size: undefined/unknown
2025-09-30T16:24:40.459+02:00  INFO 17456 --- [Shop] [main] o.h.e.t.j.p.i.JtaPlatformInitiator       : HHH000489: No JTA platform available (set 'hibernate.transaction.jta.platform' to enable JTA platform integration)
2025-09-30T16:24:40.466+02:00  INFO 17456 --- [Shop] [main] j.LocalContainerEntityManagerFactoryBean : Initialized JPA EntityManagerFactory for persistence unit 'default'
2025-09-30T16:24:42.422+02:00  WARN 17456 --- [Shop] [main] JpaBaseConfiguration$JpaWebConfiguration : spring.jpa.open-in-view is enabled by default. Therefore, database queries may be performed during view rendering. Explicitly configure spring.jpa.open-in-view to disable this warning
2025-09-30T16:24:43.459+02:00  INFO 17456 --- [Shop] [main] r$InitializeUserDetailsManagerConfigurer : Global AuthenticationManager configured with UserDetailsService bean with name userDetailServiceImpl
2025-09-30T16:24:45.577+02:00  INFO 17456 --- [Shop] [main] o.s.b.w.embedded.tomcat.TomcatWebServer  : Tomcat started on port 8080 (http) with context path '/api'
2025-09-30T16:24:45.603+02:00  INFO 17456 --- [Shop] [main] ait.shop.Shop51Application               : Started Shop51Application in 20.47 seconds (process running for 22.368)
2025-09-30T16:25:06.234+02:00  INFO 17456 --- [Shop] [http-nio-8080-exec-1] o.a.c.c.C.[Tomcat].[localhost].[/api]    : Initializing Spring DispatcherServlet 'dispatcherServlet'
2025-09-30T16:25:06.235+02:00  INFO 17456 --- [Shop] [http-nio-8080-exec-1] o.s.web.servlet.DispatcherServlet        : Initializing Servlet 'dispatcherServlet'
2025-09-30T16:25:06.237+02:00  INFO 17456 --- [Shop] [http-nio-8080-exec-1] o.s.web.servlet.DispatcherServlet        : Completed initialization in 2 ms
2025-09-30T16:25:07.195+02:00  INFO 17456 --- [Shop] [http-nio-8080-exec-1] ait.shop.logging.AspectLogging           : Method getById called with args: [3]
2025-09-30T16:25:07.196+02:00  INFO 17456 --- [Shop] [http-nio-8080-exec-1] ait.shop.logging.AspectLogging           : Method getById in class ait.shop.service.ProductServiceImpl called with args [3]
2025-09-30T16:25:07.249+02:00  INFO 17456 --- [Shop] [http-nio-8080-exec-1] ait.shop.logging.AspectLogging           : Method mapEntityToDto in class ait.shop.service.mapping.ProductMappingServiceImpl called with args [Product: id - 3, title - Apple, price - 3.00, active - yes]
2025-09-30T16:25:07.250+02:00  INFO 17456 --- [Shop] [http-nio-8080-exec-1] ait.shop.logging.AspectLogging           : Method mapEntityToDto of class ait.shop.service.mapping.ProductMappingServiceImpl successfully returned result: ProductDTO: id - 3, title - Apple, price - 3.00
2025-09-30T16:25:07.250+02:00  INFO 17456 --- [Shop] [http-nio-8080-exec-1] ait.shop.logging.AspectLogging           : Method mapEntityToDto of class ait.shop.service.mapping.ProductMappingServiceImpl finished execution
2025-09-30T16:25:07.251+02:00  INFO 17456 --- [Shop] [http-nio-8080-exec-1] ait.shop.logging.AspectLogging           : Method getById of class ait.shop.service.ProductServiceImpl successfully returned result: ProductDTO: id - 3, title - Apple, price - 3.00
2025-09-30T16:25:07.252+02:00  INFO 17456 --- [Shop] [http-nio-8080-exec-1] ait.shop.logging.AspectLogging           : Method getById of class ait.shop.service.ProductServiceImpl finished execution
2025-09-30T16:25:07.252+02:00  INFO 17456 --- [Shop] [http-nio-8080-exec-1] ait.shop.logging.AspectLogging           : Method getById finished execution
2025-09-30T16:26:28.114+02:00  INFO 17456 --- [Shop] [http-nio-8080-exec-5] ait.shop.logging.AspectLogging           : Method getById called with args: [33]
2025-09-30T16:26:28.115+02:00  INFO 17456 --- [Shop] [http-nio-8080-exec-5] ait.shop.logging.AspectLogging           : Method getById in class ait.shop.service.ProductServiceImpl called with args [33]
2025-09-30T16:26:28.124+02:00  WARN 17456 --- [Shop] [http-nio-8080-exec-5] ait.shop.logging.AspectLogging           : Method getById of the class ait.shop.service.ProductServiceImpl threw an exception: Product with id 33 not found
2025-09-30T16:26:28.125+02:00  INFO 17456 --- [Shop] [http-nio-8080-exec-5] ait.shop.logging.AspectLogging           : Method getById of class ait.shop.service.ProductServiceImpl finished execution
2025-09-30T16:26:28.125+02:00  INFO 17456 --- [Shop] [http-nio-8080-exec-5] ait.shop.logging.AspectLogging           : Method getById finished execution
2025-09-30T16:26:28.129+02:00 ERROR 17456 --- [Shop] [http-nio-8080-exec-5] o.a.c.c.C.[.[.[.[dispatcherServlet]      : Servlet.service() for servlet [dispatcherServlet] in context with path [/api] threw exception [Request processing failed: java.lang.IllegalArgumentException: Product with id 33 not found] with root cause

java.lang.IllegalArgumentException: Product with id 33 not found
	at ait.shop.service.ProductServiceImpl.getById(ProductServiceImpl.java:38) ~[classes/:na]
	at java.base/jdk.internal.reflect.NativeMethodAccessorImpl.invoke0(Native Method) ~[na:na]
	at java.base/jdk.internal.reflect.NativeMethodAccessorImpl.invoke(NativeMethodAccessorImpl.java:77) ~[na:na]
	at java.base/jdk.internal.reflect.DelegatingMethodAccessorImpl.invoke(DelegatingMethodAccessorImpl.java:43) ~[na:na]
	at java.base/java.lang.reflect.Method.invoke(Method.java:569) ~[na:na]
	at org.springframework.aop.support.AopUtils.invokeJoinpointUsingReflection(AopUtils.java:360) ~[spring-aop-6.2.10.jar:6.2.10]
	at org.springframework.aop.framework.ReflectiveMethodInvocation.invokeJoinpoint(ReflectiveMethodInvocation.java:196) ~[spring-aop-6.2.10.jar:6.2.10]
	at org.springframework.aop.framework.ReflectiveMethodInvocation.proceed(ReflectiveMethodInvocation.java:163) ~[spring-aop-6.2.10.jar:6.2.10]
	at org.springframework.aop.aspectj.AspectJAfterThrowingAdvice.invoke(AspectJAfterThrowingAdvice.java:64) ~[spring-aop-6.2.10.jar:6.2.10]
	at org.springframework.aop.framework.ReflectiveMethodInvocation.proceed(ReflectiveMethodInvocation.java:184) ~[spring-aop-6.2.10.jar:6.2.10]
	at org.springframework.aop.framework.adapter.AfterReturningAdviceInterceptor.invoke(AfterReturningAdviceInterceptor.java:57) ~[spring-aop-6.2.10.jar:6.2.10]
	at org.springframework.aop.framework.ReflectiveMethodInvocation.proceed(ReflectiveMethodInvocation.java:184) ~[spring-aop-6.2.10.jar:6.2.10]
	at org.springframework.aop.aspectj.AspectJAfterAdvice.invoke(AspectJAfterAdvice.java:49) ~[spring-aop-6.2.10.jar:6.2.10]
	at org.springframework.aop.framework.ReflectiveMethodInvocation.proceed(ReflectiveMethodInvocation.java:184) ~[spring-aop-6.2.10.jar:6.2.10]
	at org.springframework.aop.aspectj.AspectJAfterAdvice.invoke(AspectJAfterAdvice.java:49) ~[spring-aop-6.2.10.jar:6.2.10]
	at org.springframework.aop.framework.ReflectiveMethodInvocation.proceed(ReflectiveMethodInvocation.java:184) ~[spring-aop-6.2.10.jar:6.2.10]
	at org.springframework.aop.framework.adapter.MethodBeforeAdviceInterceptor.invoke(MethodBeforeAdviceInterceptor.java:58) ~[spring-aop-6.2.10.jar:6.2.10]
	at org.springframework.aop.framework.ReflectiveMethodInvocation.proceed(ReflectiveMethodInvocation.java:184) ~[spring-aop-6.2.10.jar:6.2.10]
	at org.springframework.aop.framework.adapter.MethodBeforeAdviceInterceptor.invoke(MethodBeforeAdviceInterceptor.java:58) ~[spring-aop-6.2.10.jar:6.2.10]
	at org.springframework.aop.framework.ReflectiveMethodInvocation.proceed(ReflectiveMethodInvocation.java:184) ~[spring-aop-6.2.10.jar:6.2.10]
	at org.springframework.aop.interceptor.ExposeInvocationInterceptor.invoke(ExposeInvocationInterceptor.java:97) ~[spring-aop-6.2.10.jar:6.2.10]
	at org.springframework.aop.framework.ReflectiveMethodInvocation.proceed(ReflectiveMethodInvocation.java:184) ~[spring-aop-6.2.10.jar:6.2.10]
	at org.springframework.aop.framework.CglibAopProxy$DynamicAdvisedInterceptor.intercept(CglibAopProxy.java:728) ~[spring-aop-6.2.10.jar:6.2.10]
	at ait.shop.service.ProductServiceImpl$$SpringCGLIB$$0.getById(<generated>) ~[classes/:na]
	at ait.shop.controller.ProductController.getById(ProductController.java:52) ~[classes/:na]
	at java.base/jdk.internal.reflect.NativeMethodAccessorImpl.invoke0(Native Method) ~[na:na]
	at java.base/jdk.internal.reflect.NativeMethodAccessorImpl.invoke(NativeMethodAccessorImpl.java:77) ~[na:na]
	at java.base/jdk.internal.reflect.DelegatingMethodAccessorImpl.invoke(DelegatingMethodAccessorImpl.java:43) ~[na:na]
	at java.base/java.lang.reflect.Method.invoke(Method.java:569) ~[na:na]
	at org.springframework.web.method.support.InvocableHandlerMethod.doInvoke(InvocableHandlerMethod.java:258) ~[spring-web-6.2.10.jar:6.2.10]
	at org.springframework.web.method.support.InvocableHandlerMethod.invokeForRequest(InvocableHandlerMethod.java:191) ~[spring-web-6.2.10.jar:6.2.10]
	at org.springframework.web.servlet.mvc.method.annotation.ServletInvocableHandlerMethod.invokeAndHandle(ServletInvocableHandlerMethod.java:118) ~[spring-webmvc-6.2.10.jar:6.2.10]
	at org.springframework.web.servlet.mvc.method.annotation.RequestMappingHandlerAdapter.invokeHandlerMethod(RequestMappingHandlerAdapter.java:991) ~[spring-webmvc-6.2.10.jar:6.2.10]
	at org.springframework.web.servlet.mvc.method.annotation.RequestMappingHandlerAdapter.handleInternal(RequestMappingHandlerAdapter.java:896) ~[spring-webmvc-6.2.10.jar:6.2.10]
	at org.springframework.web.servlet.mvc.method.AbstractHandlerMethodAdapter.handle(AbstractHandlerMethodAdapter.java:87) ~[spring-webmvc-6.2.10.jar:6.2.10]
	at org.springframework.web.servlet.DispatcherServlet.doDispatch(DispatcherServlet.java:1089) ~[spring-webmvc-6.2.10.jar:6.2.10]
	at org.springframework.web.servlet.DispatcherServlet.doService(DispatcherServlet.java:979) ~[spring-webmvc-6.2.10.jar:6.2.10]
	at org.springframework.web.servlet.FrameworkServlet.processRequest(FrameworkServlet.java:1014) ~[spring-webmvc-6.2.10.jar:6.2.10]
	at org.springframework.web.servlet.FrameworkServlet.doGet(FrameworkServlet.java:903) ~[spring-webmvc-6.2.10.jar:6.2.10]
	at jakarta.servlet.http.HttpServlet.service(HttpServlet.java:564) ~[tomcat-embed-core-10.1.44.jar:6.0]
	at org.springframework.web.servlet.FrameworkServlet.service(FrameworkServlet.java:885) ~[spring-webmvc-6.2.10.jar:6.2.10]
	at jakarta.servlet.http.HttpServlet.service(HttpServlet.java:658) ~[tomcat-embed-core-10.1.44.jar:6.0]
	at org.apache.catalina.core.ApplicationFilterChain.internalDoFilter(ApplicationFilterChain.java:195) ~[tomcat-embed-core-10.1.44.jar:10.1.44]
	at org.apache.catalina.core.ApplicationFilterChain.doFilter(ApplicationFilterChain.java:140) ~[tomcat-embed-core-10.1.44.jar:10.1.44]
	at org.apache.tomcat.websocket.server.WsFilter.doFilter(WsFilter.java:51) ~[tomcat-embed-websocket-10.1.44.jar:10.1.44]
	at org.apache.catalina.core.ApplicationFilterChain.internalDoFilter(ApplicationFilterChain.java:164) ~[tomcat-embed-core-10.1.44.jar:10.1.44]
	at org.apache.catalina.core.ApplicationFilterChain.doFilter(ApplicationFilterChain.java:140) ~[tomcat-embed-core-10.1.44.jar:10.1.44]
	at org.springframework.web.filter.CompositeFilter$VirtualFilterChain.doFilter(CompositeFilter.java:108) ~[spring-web-6.2.10.jar:6.2.10]
	at org.springframework.web.filter.CompositeFilter$VirtualFilterChain.doFilter(CompositeFilter.java:108) ~[spring-web-6.2.10.jar:6.2.10]
	at org.springframework.security.web.FilterChainProxy.lambda$doFilterInternal$3(FilterChainProxy.java:231) ~[spring-security-web-6.5.3.jar:6.5.3]
	at org.springframework.security.web.FilterChainProxy$VirtualFilterChain.doFilter(FilterChainProxy.java:365) ~[spring-security-web-6.5.3.jar:6.5.3]
	at org.springframework.security.web.access.intercept.AuthorizationFilter.doFilter(AuthorizationFilter.java:101) ~[spring-security-web-6.5.3.jar:6.5.3]
	at org.springframework.security.web.FilterChainProxy$VirtualFilterChain.doFilter(FilterChainProxy.java:374) ~[spring-security-web-6.5.3.jar:6.5.3]
	at org.springframework.security.web.access.ExceptionTranslationFilter.doFilter(ExceptionTranslationFilter.java:125) ~[spring-security-web-6.5.3.jar:6.5.3]
	at org.springframework.security.web.access.ExceptionTranslationFilter.doFilter(ExceptionTranslationFilter.java:119) ~[spring-security-web-6.5.3.jar:6.5.3]
	at org.springframework.security.web.FilterChainProxy$VirtualFilterChain.doFilter(FilterChainProxy.java:374) ~[spring-security-web-6.5.3.jar:6.5.3]
	at org.springframework.security.web.session.SessionManagementFilter.doFilter(SessionManagementFilter.java:131) ~[spring-security-web-6.5.3.jar:6.5.3]
	at org.springframework.security.web.session.SessionManagementFilter.doFilter(SessionManagementFilter.java:85) ~[spring-security-web-6.5.3.jar:6.5.3]
	at org.springframework.security.web.FilterChainProxy$VirtualFilterChain.doFilter(FilterChainProxy.java:374) ~[spring-security-web-6.5.3.jar:6.5.3]
	at org.springframework.security.web.authentication.AnonymousAuthenticationFilter.doFilter(AnonymousAuthenticationFilter.java:100) ~[spring-security-web-6.5.3.jar:6.5.3]
	at org.springframework.security.web.FilterChainProxy$VirtualFilterChain.doFilter(FilterChainProxy.java:374) ~[spring-security-web-6.5.3.jar:6.5.3]
	at org.springframework.security.web.servletapi.SecurityContextHolderAwareRequestFilter.doFilter(SecurityContextHolderAwareRequestFilter.java:179) ~[spring-security-web-6.5.3.jar:6.5.3]
	at org.springframework.security.web.FilterChainProxy$VirtualFilterChain.doFilter(FilterChainProxy.java:374) ~[spring-security-web-6.5.3.jar:6.5.3]
	at org.springframework.security.web.savedrequest.RequestCacheAwareFilter.doFilter(RequestCacheAwareFilter.java:63) ~[spring-security-web-6.5.3.jar:6.5.3]
	at org.springframework.security.web.FilterChainProxy$VirtualFilterChain.doFilter(FilterChainProxy.java:374) ~[spring-security-web-6.5.3.jar:6.5.3]
	at org.springframework.security.web.authentication.www.BasicAuthenticationFilter.doFilterInternal(BasicAuthenticationFilter.java:213) ~[spring-security-web-6.5.3.jar:6.5.3]
	at org.springframework.web.filter.OncePerRequestFilter.doFilter(OncePerRequestFilter.java:116) ~[spring-web-6.2.10.jar:6.2.10]
	at org.springframework.security.web.FilterChainProxy$VirtualFilterChain.doFilter(FilterChainProxy.java:374) ~[spring-security-web-6.5.3.jar:6.5.3]
	at org.springframework.security.web.authentication.logout.LogoutFilter.doFilter(LogoutFilter.java:107) ~[spring-security-web-6.5.3.jar:6.5.3]
	at org.springframework.security.web.authentication.logout.LogoutFilter.doFilter(LogoutFilter.java:93) ~[spring-security-web-6.5.3.jar:6.5.3]
	at org.springframework.security.web.FilterChainProxy$VirtualFilterChain.doFilter(FilterChainProxy.java:374) ~[spring-security-web-6.5.3.jar:6.5.3]
	at org.springframework.security.web.header.HeaderWriterFilter.doHeadersAfter(HeaderWriterFilter.java:90) ~[spring-security-web-6.5.3.jar:6.5.3]
	at org.springframework.security.web.header.HeaderWriterFilter.doFilterInternal(HeaderWriterFilter.java:75) ~[spring-security-web-6.5.3.jar:6.5.3]
	at org.springframework.web.filter.OncePerRequestFilter.doFilter(OncePerRequestFilter.java:116) ~[spring-web-6.2.10.jar:6.2.10]
	at org.springframework.security.web.FilterChainProxy$VirtualFilterChain.doFilter(FilterChainProxy.java:374) ~[spring-security-web-6.5.3.jar:6.5.3]
	at org.springframework.security.web.context.SecurityContextHolderFilter.doFilter(SecurityContextHolderFilter.java:82) ~[spring-security-web-6.5.3.jar:6.5.3]
	at org.springframework.security.web.context.SecurityContextHolderFilter.doFilter(SecurityContextHolderFilter.java:69) ~[spring-security-web-6.5.3.jar:6.5.3]
	at org.springframework.security.web.FilterChainProxy$VirtualFilterChain.doFilter(FilterChainProxy.java:374) ~[spring-security-web-6.5.3.jar:6.5.3]
	at org.springframework.security.web.context.request.async.WebAsyncManagerIntegrationFilter.doFilterInternal(WebAsyncManagerIntegrationFilter.java:62) ~[spring-security-web-6.5.3.jar:6.5.3]
	at org.springframework.web.filter.OncePerRequestFilter.doFilter(OncePerRequestFilter.java:116) ~[spring-web-6.2.10.jar:6.2.10]
	at org.springframework.security.web.FilterChainProxy$VirtualFilterChain.doFilter(FilterChainProxy.java:374) ~[spring-security-web-6.5.3.jar:6.5.3]
	at org.springframework.security.web.session.DisableEncodeUrlFilter.doFilterInternal(DisableEncodeUrlFilter.java:42) ~[spring-security-web-6.5.3.jar:6.5.3]
	at org.springframework.web.filter.OncePerRequestFilter.doFilter(OncePerRequestFilter.java:116) ~[spring-web-6.2.10.jar:6.2.10]
	at org.springframework.security.web.FilterChainProxy$VirtualFilterChain.doFilter(FilterChainProxy.java:374) ~[spring-security-web-6.5.3.jar:6.5.3]
	at org.springframework.security.web.FilterChainProxy.doFilterInternal(FilterChainProxy.java:233) ~[spring-security-web-6.5.3.jar:6.5.3]
	at org.springframework.security.web.FilterChainProxy.doFilter(FilterChainProxy.java:191) ~[spring-security-web-6.5.3.jar:6.5.3]
	at org.springframework.web.filter.CompositeFilter$VirtualFilterChain.doFilter(CompositeFilter.java:113) ~[spring-web-6.2.10.jar:6.2.10]
	at org.springframework.web.filter.ServletRequestPathFilter.doFilter(ServletRequestPathFilter.java:52) ~[spring-web-6.2.10.jar:6.2.10]
	at org.springframework.web.filter.CompositeFilter$VirtualFilterChain.doFilter(CompositeFilter.java:113) ~[spring-web-6.2.10.jar:6.2.10]
	at org.springframework.web.filter.CompositeFilter.doFilter(CompositeFilter.java:74) ~[spring-web-6.2.10.jar:6.2.10]
	at org.springframework.security.config.annotation.web.configuration.WebSecurityConfiguration$CompositeFilterChainProxy.doFilter(WebSecurityConfiguration.java:319) ~[spring-security-config-6.5.3.jar:6.5.3]
	at org.springframework.web.filter.CompositeFilter$VirtualFilterChain.doFilter(CompositeFilter.java:113) ~[spring-web-6.2.10.jar:6.2.10]
	at org.springframework.web.servlet.handler.HandlerMappingIntrospector.lambda$createCacheFilter$4(HandlerMappingIntrospector.java:267) ~[spring-webmvc-6.2.10.jar:6.2.10]
	at org.springframework.web.filter.CompositeFilter$VirtualFilterChain.doFilter(CompositeFilter.java:113) ~[spring-web-6.2.10.jar:6.2.10]
	at org.springframework.web.filter.CompositeFilter.doFilter(CompositeFilter.java:74) ~[spring-web-6.2.10.jar:6.2.10]
	at org.springframework.security.config.annotation.web.configuration.WebMvcSecurityConfiguration$CompositeFilterChainProxy.doFilter(WebMvcSecurityConfiguration.java:240) ~[spring-security-config-6.5.3.jar:6.5.3]
	at org.springframework.web.filter.DelegatingFilterProxy.invokeDelegate(DelegatingFilterProxy.java:362) ~[spring-web-6.2.10.jar:6.2.10]
	at org.springframework.web.filter.DelegatingFilterProxy.doFilter(DelegatingFilterProxy.java:278) ~[spring-web-6.2.10.jar:6.2.10]
	at org.apache.catalina.core.ApplicationFilterChain.internalDoFilter(ApplicationFilterChain.java:164) ~[tomcat-embed-core-10.1.44.jar:10.1.44]
	at org.apache.catalina.core.ApplicationFilterChain.doFilter(ApplicationFilterChain.java:140) ~[tomcat-embed-core-10.1.44.jar:10.1.44]
	at org.springframework.web.filter.RequestContextFilter.doFilterInternal(RequestContextFilter.java:100) ~[spring-web-6.2.10.jar:6.2.10]
	at org.springframework.web.filter.OncePerRequestFilter.doFilter(OncePerRequestFilter.java:116) ~[spring-web-6.2.10.jar:6.2.10]
	at org.apache.catalina.core.ApplicationFilterChain.internalDoFilter(ApplicationFilterChain.java:164) ~[tomcat-embed-core-10.1.44.jar:10.1.44]
	at org.apache.catalina.core.ApplicationFilterChain.doFilter(ApplicationFilterChain.java:140) ~[tomcat-embed-core-10.1.44.jar:10.1.44]
	at org.springframework.web.filter.FormContentFilter.doFilterInternal(FormContentFilter.java:93) ~[spring-web-6.2.10.jar:6.2.10]
	at org.springframework.web.filter.OncePerRequestFilter.doFilter(OncePerRequestFilter.java:116) ~[spring-web-6.2.10.jar:6.2.10]
	at org.apache.catalina.core.ApplicationFilterChain.internalDoFilter(ApplicationFilterChain.java:164) ~[tomcat-embed-core-10.1.44.jar:10.1.44]
	at org.apache.catalina.core.ApplicationFilterChain.doFilter(ApplicationFilterChain.java:140) ~[tomcat-embed-core-10.1.44.jar:10.1.44]
	at org.springframework.web.filter.CharacterEncodingFilter.doFilterInternal(CharacterEncodingFilter.java:201) ~[spring-web-6.2.10.jar:6.2.10]
	at org.springframework.web.filter.OncePerRequestFilter.doFilter(OncePerRequestFilter.java:116) ~[spring-web-6.2.10.jar:6.2.10]
	at org.apache.catalina.core.ApplicationFilterChain.internalDoFilter(ApplicationFilterChain.java:164) ~[tomcat-embed-core-10.1.44.jar:10.1.44]
	at org.apache.catalina.core.ApplicationFilterChain.doFilter(ApplicationFilterChain.java:140) ~[tomcat-embed-core-10.1.44.jar:10.1.44]
	at org.apache.catalina.core.StandardWrapperValve.invoke(StandardWrapperValve.java:167) ~[tomcat-embed-core-10.1.44.jar:10.1.44]
	at org.apache.catalina.core.StandardContextValve.invoke(StandardContextValve.java:90) ~[tomcat-embed-core-10.1.44.jar:10.1.44]
	at org.apache.catalina.authenticator.AuthenticatorBase.invoke(AuthenticatorBase.java:483) ~[tomcat-embed-core-10.1.44.jar:10.1.44]
	at org.apache.catalina.core.StandardHostValve.invoke(StandardHostValve.java:116) ~[tomcat-embed-core-10.1.44.jar:10.1.44]
	at org.apache.catalina.valves.ErrorReportValve.invoke(ErrorReportValve.java:93) ~[tomcat-embed-core-10.1.44.jar:10.1.44]
	at org.apache.catalina.core.StandardEngineValve.invoke(StandardEngineValve.java:74) ~[tomcat-embed-core-10.1.44.jar:10.1.44]
	at org.apache.catalina.connector.CoyoteAdapter.service(CoyoteAdapter.java:344) ~[tomcat-embed-core-10.1.44.jar:10.1.44]
	at org.apache.coyote.http11.Http11Processor.service(Http11Processor.java:398) ~[tomcat-embed-core-10.1.44.jar:10.1.44]
	at org.apache.coyote.AbstractProcessorLight.process(AbstractProcessorLight.java:63) ~[tomcat-embed-core-10.1.44.jar:10.1.44]
	at org.apache.coyote.AbstractProtocol$ConnectionHandler.process(AbstractProtocol.java:903) ~[tomcat-embed-core-10.1.44.jar:10.1.44]
	at org.apache.tomcat.util.net.NioEndpoint$SocketProcessor.doRun(NioEndpoint.java:1769) ~[tomcat-embed-core-10.1.44.jar:10.1.44]
	at org.apache.tomcat.util.net.SocketProcessorBase.run(SocketProcessorBase.java:52) ~[tomcat-embed-core-10.1.44.jar:10.1.44]
	at org.apache.tomcat.util.threads.ThreadPoolExecutor.runWorker(ThreadPoolExecutor.java:1189) ~[tomcat-embed-core-10.1.44.jar:10.1.44]
	at org.apache.tomcat.util.threads.ThreadPoolExecutor$Worker.run(ThreadPoolExecutor.java:658) ~[tomcat-embed-core-10.1.44.jar:10.1.44]
	at org.apache.tomcat.util.threads.TaskThread$WrappingRunnable.run(TaskThread.java:63) ~[tomcat-embed-core-10.1.44.jar:10.1.44]
	at java.base/java.lang.Thread.run(Thread.java:840) ~[na:na]

2025-09-30T16:27:48.040+02:00  INFO 17456 --- [Shop] [http-nio-8080-exec-8] ait.shop.logging.AspectLogging           : Method saveProduct called with args: [ProductDTO: id - null, title - Test product 2, price - 1.00]
2025-09-30T16:27:48.041+02:00  INFO 17456 --- [Shop] [http-nio-8080-exec-8] ait.shop.logging.AspectLogging           : Method saveProduct in class ait.shop.service.ProductServiceImpl called with args [ProductDTO: id - null, title - Test product 2, price - 1.00]
2025-09-30T16:27:48.041+02:00  INFO 17456 --- [Shop] [http-nio-8080-exec-8] ait.shop.logging.AspectLogging           : Method mapDtoToEntity in class ait.shop.service.mapping.ProductMappingServiceImpl called with args [ProductDTO: id - null, title - Test product 2, price - 1.00]
2025-09-30T16:27:48.041+02:00  INFO 17456 --- [Shop] [http-nio-8080-exec-8] ait.shop.logging.AspectLogging           : Method mapDtoToEntity of class ait.shop.service.mapping.ProductMappingServiceImpl successfully returned result: Product: id - null, title - Test product 2, price - 1.00, active - yes
2025-09-30T16:27:48.041+02:00  INFO 17456 --- [Shop] [http-nio-8080-exec-8] ait.shop.logging.AspectLogging           : Method mapDtoToEntity of class ait.shop.service.mapping.ProductMappingServiceImpl finished execution
2025-09-30T16:27:48.144+02:00  INFO 17456 --- [Shop] [http-nio-8080-exec-8] ait.shop.logging.AspectLogging           : Method mapEntityToDto in class ait.shop.service.mapping.ProductMappingServiceImpl called with args [Product: id - 14, title - Test product 2, price - 1.00, active - yes]
2025-09-30T16:27:48.144+02:00  INFO 17456 --- [Shop] [http-nio-8080-exec-8] ait.shop.logging.AspectLogging           : Method mapEntityToDto of class ait.shop.service.mapping.ProductMappingServiceImpl successfully returned result: ProductDTO: id - 14, title - Test product 2, price - 1.00
2025-09-30T16:27:48.145+02:00  INFO 17456 --- [Shop] [http-nio-8080-exec-8] ait.shop.logging.AspectLogging           : Method mapEntityToDto of class ait.shop.service.mapping.ProductMappingServiceImpl finished execution
2025-09-30T16:27:48.145+02:00  INFO 17456 --- [Shop] [http-nio-8080-exec-8] ait.shop.logging.AspectLogging           : Method saveProduct of class ait.shop.service.ProductServiceImpl successfully returned result: ProductDTO: id - 14, title - Test product 2, price - 1.00
2025-09-30T16:27:48.146+02:00  INFO 17456 --- [Shop] [http-nio-8080-exec-8] ait.shop.logging.AspectLogging           : Method saveProduct of class ait.shop.service.ProductServiceImpl finished execution
2025-09-30T16:27:48.147+02:00  INFO 17456 --- [Shop] [http-nio-8080-exec-8] ait.shop.logging.AspectLogging           : Method saveProduct finished execution
2025-09-30T16:28:19.279+02:00  INFO 17456 --- [Shop] [SpringApplicationShutdownHook] o.s.b.w.e.tomcat.GracefulShutdown        : Commencing graceful shutdown. Waiting for active requests to complete
2025-09-30T16:28:19.753+02:00  INFO 17456 --- [Shop] [tomcat-shutdown] o.s.b.w.e.tomcat.GracefulShutdown        : Graceful shutdown complete
2025-09-30T16:28:19.767+02:00  INFO 17456 --- [Shop] [SpringApplicationShutdownHook] j.LocalContainerEntityManagerFactoryBean : Closing JPA EntityManagerFactory for persistence unit 'default'
2025-09-30T16:28:19.773+02:00  INFO 17456 --- [Shop] [SpringApplicationShutdownHook] com.zaxxer.hikari.HikariDataSource       : HikariPool-1 - Shutdown initiated...
2025-09-30T16:28:19.816+02:00  INFO 17456 --- [Shop] [SpringApplicationShutdownHook] com.zaxxer.hikari.HikariDataSource       : HikariPool-1 - Shutdown completed.
